0 info it worked if it ends with ok
1 verbose cli [ 'node',
1 verbose cli   '/usr/local/bin/npm',
1 verbose cli   'install',
1 verbose cli   '-g',
1 verbose cli   'liquid-generator' ]
2 info using npm@1.2.15
3 info using node@v0.10.1
4 verbose read json /usr/local/lib/package.json
5 verbose read json /usr/local/lib/package.json
6 verbose cache add [ 'liquid-generator', null ]
7 verbose cache add name=undefined spec="liquid-generator" args=["liquid-generator",null]
8 verbose parsed url { protocol: null,
8 verbose parsed url   slashes: null,
8 verbose parsed url   auth: null,
8 verbose parsed url   host: null,
8 verbose parsed url   port: null,
8 verbose parsed url   hostname: null,
8 verbose parsed url   hash: null,
8 verbose parsed url   search: null,
8 verbose parsed url   query: null,
8 verbose parsed url   pathname: 'liquid-generator',
8 verbose parsed url   path: 'liquid-generator',
8 verbose parsed url   href: 'liquid-generator' }
9 silly lockFile 577f36e0-liquid-generator liquid-generator
10 verbose lock liquid-generator /Users/philha/.npm/577f36e0-liquid-generator.lock
11 silly lockFile 577f36e0-liquid-generator liquid-generator
12 silly lockFile 577f36e0-liquid-generator liquid-generator
13 verbose addNamed [ 'liquid-generator', '' ]
14 verbose addNamed [ null, '' ]
15 silly lockFile 543076d0-liquid-generator liquid-generator@
16 verbose lock liquid-generator@ /Users/philha/.npm/543076d0-liquid-generator.lock
17 silly addNameRange { name: 'liquid-generator', range: '', hasData: false }
18 verbose url raw liquid-generator
19 verbose url resolving [ 'https://registry.npmjs.org/', './liquid-generator' ]
20 verbose url resolved https://registry.npmjs.org/liquid-generator
21 info trying registry request attempt 1 at 01:38:38
22 http GET https://registry.npmjs.org/liquid-generator
23 http 404 https://registry.npmjs.org/liquid-generator
24 silly registry.get cb [ 404,
24 silly registry.get   { server: 'CouchDB/1.3.0 (Erlang OTP/R15B03)',
24 silly registry.get     date: 'Wed, 24 Apr 2013 00:38:38 GMT',
24 silly registry.get     'content-type': 'application/json',
24 silly registry.get     'content-length': '52',
24 silly registry.get     'cache-control': 'must-revalidate' } ]
25 silly lockFile 543076d0-liquid-generator liquid-generator@
26 silly lockFile 543076d0-liquid-generator liquid-generator@
27 error 404 'liquid-generator' is not in the npm registry.
27 error 404 You should bug the author to publish it
27 error 404
27 error 404 Note that you can also install from a
27 error 404 tarball, folder, or http url, or git url.
28 error System Darwin 12.3.0
29 error command "node" "/usr/local/bin/npm" "install" "-g" "liquid-generator"
30 error cwd /Users/philha/Projects/hawksworx/hawksworx.com
31 error node -v v0.10.1
32 error npm -v 1.2.15
33 error code E404
34 verbose exit [ 1, true ]
