Arguments: 
  /usr/local/bin/node /usr/local/Cellar/yarn/1.9.4/libexec/bin/yarn.js init

PATH: 
  /Users/phil/bin:/usr/local/bin:/usr/local/bin:/usr/bin:/bin:/usr/sbin:/sbin:/Users/phil/bin

Yarn version: 
  1.9.4

Node version: 
  8.11.4

Platform: 
  darwin x64

Trace: 
  Error: canceled
      at Interface.<anonymous> (/usr/local/Cellar/yarn/1.9.4/libexec/lib/cli.js:126002:13)
      at emitNone (events.js:106:13)
      at Interface.emit (events.js:208:7)
      at Interface._ttyWrite (readline.js:774:16)
      at ReadStream.onkeypress (readline.js:158:10)
      at emitTwo (events.js:126:13)
      at ReadStream.emit (events.js:214:7)
      at emitKeys (internal/readline.js:420:14)
      at emitKeys.next (<anonymous>)
      at ReadStream.onData (readline.js:1010:36)

npm manifest: 
  {
    "name": "hawksworx.com",
    "version": "1.3.2",
    "description": "Phil Hawksworth's personal website - hawksworx.com",
    "scripts": {
      "start": "gulp watch & eleventy --serve",
      "build": "gulp build & eleventy"
    },
    "keywords": [],
    "author": "Phil Hawksworth",
    "license": "ISC",
    "dependencies": {
      "@11ty/eleventy": "0.5.3",
      "axios": "^0.18.0",
      "gulp": "^4.0.0",
      "gulp-sass": "^4.0.1",
      "xml2js": "^0.4.19"
    }
  }

yarn manifest: 
  No manifest

Lockfile: 
  No lockfile
